<?xml version='1.0' encoding='UTF-8'?>
<testsuite hostname="TzudeMacBook-Pro.local" name="core.CheckSP" tests="1" errors="0" failures="0" skipped="0" time="2.528" timestamp="2025-01-17T21:26:28">
          <properties>
[...]
</properties>
          <testcase classname="core.CheckSP" name="check can use 12(sp) to load value should pass" time="2.528">
                      
                    </testcase>
          <system-out><![CDATA[]]></system-out>
          <system-err><![CDATA[]]></system-err>
        </testsuite>